2016-01-29 22:41:07INFO  ContextLoader:285 - Root WebApplicationContext: initialization started
2016-01-29 22:41:07INFO  XmlWebApplicationContext:510 - Refreshing Root WebApplicationContext: startup date [Fri Jan 29 22:41:07 CST 2016]; root of context hierarchy
2016-01-29 22:41:07INFO  XmlBeanDefinitionReader:317 - Loading XML bean definitions from class path resource [spring/spring-core.xml]
2016-01-29 22:41:07INFO  ContextLoader:325 - Root WebApplicationContext: initialization completed in 463 ms
2016-01-29 22:41:07INFO  DispatcherServlet:484 - FrameworkServlet 'springMVC': initialization started
2016-01-29 22:41:07INFO  XmlWebApplicationContext:510 - Refreshing WebApplicationContext for namespace 'springMVC-servlet': startup date [Fri Jan 29 22:41:07 CST 2016]; parent: Root WebApplicationContext
2016-01-29 22:41:07INFO  XmlBeanDefinitionReader:317 - Loading XML bean definitions from class path resource [spring/spring-mvc.xml]
2016-01-29 22:41:08INFO  Jaxb2Marshaller:496 - Creating JAXBContext with classes to be bound [class com.huntdreams.domain.Product]
2016-01-29 22:41:08INFO  RequestMappingHandlerMapping:220 - Mapped "{[/customers],methods=[GET],params=[],headers=[],consumes=[],produces=[],custom=[]}" onto public java.lang.String com.huntdreams.controller.CustomerController.list(org.springframework.ui.Model)
2016-01-29 22:41:08INFO  RequestMappingHandlerMapping:220 - Mapped "{[/],methods=[GET],params=[],headers=[],consumes=[],produces=[],custom=[]}" onto public java.lang.String com.huntdreams.controller.HomeController.index()
2016-01-29 22:41:08INFO  RequestMappingHandlerMapping:220 - Mapped "{[/welcome],methods=[GET],params=[],headers=[],consumes=[],produces=[],custom=[]}" onto public java.lang.String com.huntdreams.controller.HomeController.welcome(org.springframework.ui.Model)
2016-01-29 22:41:08INFO  RequestMappingHandlerMapping:220 - Mapped "{[/welcome/greeting],methods=[GET],params=[],headers=[],consumes=[],produces=[],custom=[]}" onto public java.lang.String com.huntdreams.controller.HomeController.greeting(org.springframework.ui.Model)
2016-01-29 22:41:08INFO  RequestMappingHandlerMapping:220 - Mapped "{[/order/P1234/2],methods=[GET],params=[],headers=[],consumes=[],produces=[],custom=[]}" onto public java.lang.String com.huntdreams.controller.OrderController.process()
2016-01-29 22:41:08INFO  RequestMappingHandlerMapping:220 - Mapped "{[/products],methods=[],params=[],headers=[],consumes=[],produces=[],custom=[]}" onto public java.lang.String com.huntdreams.controller.ProductController.list(org.springframework.ui.Model)
2016-01-29 22:41:08INFO  RequestMappingHandlerMapping:220 - Mapped "{[/products/all],methods=[],params=[],headers=[],consumes=[],produces=[],custom=[]}" onto public java.lang.String com.huntdreams.controller.ProductController.allProducts(org.springframework.ui.Model)
2016-01-29 22:41:08INFO  RequestMappingHandlerMapping:220 - Mapped "{[/products/{category}],methods=[],params=[],headers=[],consumes=[],produces=[],custom=[]}" onto public java.lang.String com.huntdreams.controller.ProductController.getProductsByCategory(org.springframework.ui.Model,java.lang.String)
2016-01-29 22:41:08INFO  RequestMappingHandlerMapping:220 - Mapped "{[/products/filter/{ByCriteria}],methods=[],params=[],headers=[],consumes=[],produces=[],custom=[]}" onto public java.lang.String com.huntdreams.controller.ProductController.getProductsByFilter(java.util.Map<java.lang.String, java.util.List<java.lang.String>>,org.springframework.ui.Model)
2016-01-29 22:41:08INFO  RequestMappingHandlerMapping:220 - Mapped "{[/products/add],methods=[POST],params=[],headers=[],consumes=[],produces=[],custom=[]}" onto public java.lang.String com.huntdreams.controller.ProductController.processAddNewProductForm(com.huntdreams.domain.Product,org.springframework.validation.BindingResult,javax.servlet.http.HttpServletRequest)
2016-01-29 22:41:08INFO  RequestMappingHandlerMapping:220 - Mapped "{[/products/product],methods=[],params=[],headers=[],consumes=[],produces=[],custom=[]}" onto public java.lang.String com.huntdreams.controller.ProductController.getProductById(java.lang.String,org.springframework.ui.Model)
2016-01-29 22:41:08INFO  RequestMappingHandlerMapping:220 - Mapped "{[/products/{category}/{price}],methods=[],params=[],headers=[],consumes=[],produces=[],custom=[]}" onto public java.lang.String com.huntdreams.controller.ProductController.filterProducts(java.lang.String,java.util.Map<java.lang.String, java.util.List<java.lang.String>>,java.lang.String,org.springframework.ui.Model)
2016-01-29 22:41:08INFO  RequestMappingHandlerMapping:220 - Mapped "{[/products/add],methods=[GET],params=[],headers=[],consumes=[],produces=[],custom=[]}" onto public java.lang.String com.huntdreams.controller.ProductController.getAddNewProductForm(org.springframework.ui.Model)
2016-01-29 22:41:08INFO  RequestMappingHandlerAdapter:518 - Looking for @ControllerAdvice: WebApplicationContext for namespace 'springMVC-servlet': startup date [Fri Jan 29 22:41:07 CST 2016]; parent: Root WebApplicationContext
2016-01-29 22:41:08INFO  RequestMappingHandlerAdapter:518 - Looking for @ControllerAdvice: WebApplicationContext for namespace 'springMVC-servlet': startup date [Fri Jan 29 22:41:07 CST 2016]; parent: Root WebApplicationContext
2016-01-29 22:41:08INFO  SimpleUrlHandlerMapping:314 - Mapped URL path [/**] onto handler 'org.springframework.web.servlet.resource.DefaultServletHttpRequestHandler#0'
2016-01-29 22:41:08INFO  SimpleUrlHandlerMapping:314 - Mapped URL path [/static/**] onto handler 'org.springframework.web.servlet.resource.ResourceHttpRequestHandler#0'
2016-01-29 22:41:08INFO  DispatcherServlet:503 - FrameworkServlet 'springMVC': initialization completed in 964 ms
